<?xml version="1.0" encoding="UTF-8"?>
<testsuite name="Accessing registration page" tests="1" skipped="0" failures="1" errors="0" timestamp="2020-10-18T23:04:14" hostname="miller-IP5" time="9.835">
  <properties/>
  <testcase name="Create an account" classname="Accessing registration page" time="9.835">
    <failure message="java.lang.AssertionError: &#10;Expected: &quot;CREATE AN ACCOUNT&quot;&#10;     but: was &quot;AUTHENTICATION&quot;" type="java.lang.AssertionError">java.lang.AssertionError: 
Expected: &quot;CREATE AN ACCOUNT&quot;
     but: was &quot;AUTHENTICATION&quot;
	at net.serenitybdd.screenplay.ErrorTally.throwSummaryExceptionFrom(ErrorTally.java:36)
	at net.serenitybdd.screenplay.ErrorTally.reportAnyErrors(ErrorTally.java:30)
	at net.serenitybdd.screenplay.Actor.should(Actor.java:316)
	at starter.stepdefinitions.RegistrationStepDefinitions.he_should_have_access_to_the_form(RegistrationStepDefinitions.java:43)
	at ✽.he should have access to the form(file:src/test/resources/features/registration/registration.feature:6)
</failure>
  </testcase>
  <system-out><![CDATA[
Feature: Accessing registration page

  Scenario: Create an account              ?[90m# src/test/resources/features/registration/registration.feature:3?[0m
18:04:14.692 [Test worker] INFO   - 
 _____ _____ ____ _____   ____ _____  _    ____ _____ _____ ____  
|_   _| ____/ ___|_   _| / ___|_   _|/ \  |  _ \_   _| ____|  _ \ 
  | | |  _| \___ \ | |   \___ \ | | / _ \ | |_) || | |  _| | | | |
  | | | |___ ___) || |    ___) || |/ ___ \|  _ < | | | |___| |_| |
  |_| |_____|____/ |_|   |____/ |_/_/   \_\_| \_\|_| |_____|____/ 

Create an account(accessing-registration-page;create-an-account)
-------------------------------------------------------------------
    ?[32mGiven ?[0m?[32m?[0m?[32m?[1muser?[0m?[32m is not registered?[0m           ?[90m# RegistrationStepDefinitions.user_is_not_registered(String)?[0m
18:04:14.900 [Test worker] INFO  n.s.c.w.d.ProvideNewDriver - Instantiating driver
18:04:14.901 [Test worker] INFO  n.s.c.w.d.ProvideNewDriver - Driver capabilities: Capabilities {acceptInsecureCerts: false, browserName: chrome, chrome.switches: --start-maximized;--test-ty..., goog:chromeOptions: {args: [--start-maximized, --test-type, --no-sandbox, --ignore-certificate-errors;\n, --disable-popup-blocking, --disable-default-apps, --disable-extensions-file-a..., --incognito, --disable-infobars, --disable-gpu], extensions: []}, loggingPrefs: org.openqa.selenium.logging..., platform: ANY, version: }
    ?[32mWhen ?[0m?[32mhe writes his email to register?[0m   ?[90m# RegistrationStepDefinitions.he_writes_his_email_to_register()?[0m
    ?[31mThen ?[0m?[31mhe should have access to the form?[0m ?[90m# RegistrationStepDefinitions.he_should_have_access_to_the_form()?[0m
      ?[31mjava.lang.AssertionError: 
Expected: "CREATE AN ACCOUNT"
     but: was "AUTHENTICATION"
	at net.serenitybdd.screenplay.ErrorTally.throwSummaryExceptionFrom(ErrorTally.java:36)
	at net.serenitybdd.screenplay.ErrorTally.reportAnyErrors(ErrorTally.java:30)
	at net.serenitybdd.screenplay.Actor.should(Actor.java:316)
	at starter.stepdefinitions.RegistrationStepDefinitions.he_should_have_access_to_the_form(RegistrationStepDefinitions.java:43)
	at ✽.he should have access to the form(file:src/test/resources/features/registration/registration.feature:6)
?[0m
]]></system-out>
  <system-err><![CDATA[Oct 18, 2020 6:04:14 PM org.openqa.selenium.remote.DesiredCapabilities chrome
INFO: Using `new ChromeOptions()` is preferred to `DesiredCapabilities.chrome()`
Starting ChromeDriver 86.0.4240.22 (398b0743353ff36fb1b82468f63a3a93b4e2e89e-refs/branch-heads/4240@{#378}) on port 19866
Only local connections are allowed.
Please see https://chromedriver.chromium.org/security-considerations for suggestions on keeping ChromeDriver safe.
ChromeDriver was started successfully.
Oct 18, 2020 6:04:15 PM org.openqa.selenium.remote.ProtocolHandshake createSession
INFO: Detected dialect: W3C
]]></system-err>
</testsuite>
